{
  "RSpec": {
    "coverage": {
      "/Users/jdmac/Dropbox/MakersAcademy/week4/bookmark_manager/app.rb": [
        1,
        1,
        1,
        null,
        null,
        1,
        null,
        1,
        null,
        null,
        1,
        2,
        null,
        null,
        null,
        1,
        4,
        null,
        4,
        null,
        null,
        null,
        1,
        2,
        null,
        null,
        null,
        1,
        1,
        null,
        1,
        null,
        null,
        null,
        1,
        1,
        1,
        null,
        null,
        1,
        null
      ],
      "/Users/jdmac/Dropbox/MakersAcademy/week4/bookmark_manager/lib/bookmarks.rb": [
        1,
        null,
        1,
        null,
        1,
        null,
        1,
        24,
        24,
        24,
        null,
        null,
        1,
        null,
        6,
        6,
        null,
        6,
        12,
        null,
        null,
        null,
        1,
        12,
        12,
        12,
        null,
        null,
        1,
        2,
        2,
        null,
        null,
        1,
        null,
        1,
        null,
        null,
        20,
        20,
        null,
        0,
        null,
        null,
        null,
        null
      ],
      "/Users/jdmac/Dropbox/MakersAcademy/week4/bookmark_manager/spec/bookmarks_spec.rb": [
        1,
        1,
        null,
        1,
        null,
        1,
        1,
        null,
        1,
        null,
        null,
        1,
        1,
        1,
        null,
        null,
        1,
        null,
        1,
        1,
        1,
        1,
        1,
        null,
        null,
        null,
        1,
        1,
        null,
        1,
        1,
        null,
        1,
        1,
        1,
        1,
        null,
        null,
        null,
        null,
        1,
        1,
        1,
        null,
        1,
        null,
        1,
        null,
        1,
        null,
        null,
        null,
        null
      ],
      "/Users/jdmac/Dropbox/MakersAcademy/week4/bookmark_manager/spec/web_helpers.rb": [
        1,
        0,
        0,
        0,
        null,
        null,
        1,
        2,
        2,
        2,
        null,
        null,
        null,
        null,
        null,
        null,
        null
      ],
      "/Users/jdmac/Dropbox/MakersAcademy/week4/bookmark_manager/spec/feature/add_new_bookmark_spec.rb": [
        1,
        null,
        1,
        null,
        1,
        1,
        1,
        1,
        null,
        null,
        1,
        1,
        1,
        1,
        1,
        null,
        1,
        null,
        null,
        null
      ],
      "/Users/jdmac/Dropbox/MakersAcademy/week4/bookmark_manager/spec/feature/delete_bookmark_spec.rb": [
        1,
        null,
        1,
        null,
        1,
        1,
        null,
        1,
        1,
        null,
        1,
        null,
        1,
        null,
        1,
        null,
        null,
        null,
        null
      ],
      "/Users/jdmac/Dropbox/MakersAcademy/week4/bookmark_manager/spec/feature/display_homepage_spec.rb": [
        1,
        1,
        1,
        1,
        null,
        null
      ],
      "/Users/jdmac/Dropbox/MakersAcademy/week4/bookmark_manager/spec/feature/show_all_bookmarks_spec.rb": [
        1,
        null,
        1,
        null,
        1,
        1,
        null,
        1,
        null,
        1,
        1,
        1,
        null,
        null
      ]
    },
    "timestamp": 1553786029
  }
}
